  Camera.cpp
D:\由比ゼミ\2.5Dゲーム\改良版\PlayerBase.h(24,18): warning C4091: 'typedef ': 変数が何も宣言されていないときは、'PlayerBase::Anim' の左辺を無視します。
  (ソース ファイル 'Camera.cpp' をコンパイルしています)
  
  GameManager.cpp
D:\由比ゼミ\2.5Dゲーム\改良版\PlayerBase.h(24,18): warning C4091: 'typedef ': 変数が何も宣言されていないときは、'PlayerBase::Anim' の左辺を無視します。
  (ソース ファイル 'GameManager.cpp' をコンパイルしています)
  
D:\由比ゼミ\2.5Dゲーム\改良版\GameManager.cpp(62,2): warning C4156: 'delete' の配列でない形式を使った配列の削除は、定義されていません。
D:\由比ゼミ\2.5Dゲーム\改良版\GameManager.cpp(62,2): warning C4154: 配列の delete が定義されていません。配列は、ポインターに変換されます。
D:\由比ゼミ\2.5Dゲーム\改良版\GameManager.cpp(63,2): warning C4156: 'delete' の配列でない形式を使った配列の削除は、定義されていません。
D:\由比ゼミ\2.5Dゲーム\改良版\GameManager.cpp(63,2): warning C4154: 配列の delete が定義されていません。配列は、ポインターに変換されます。
  Player.cpp
D:\由比ゼミ\2.5Dゲーム\改良版\PlayerBase.h(24,18): warning C4091: 'typedef ': 変数が何も宣言されていないときは、'PlayerBase::Anim' の左辺を無視します。
  (ソース ファイル 'Player.cpp' をコンパイルしています)
  
  PlayerBase.cpp
D:\由比ゼミ\2.5Dゲーム\改良版\PlayerBase.h(24,18): warning C4091: 'typedef ': 変数が何も宣言されていないときは、'PlayerBase::Anim' の左辺を無視します。
  (ソース ファイル 'PlayerBase.cpp' をコンパイルしています)
  
D:\由比ゼミ\2.5Dゲーム\改良版\PlayerBase.cpp(11,45): warning C4305: '引数': 'double' から 'float' へ切り詰めます。
D:\由比ゼミ\2.5Dゲーム\改良版\PlayerBase.cpp(11,40): warning C4305: '引数': 'double' から 'float' へ切り詰めます。
D:\由比ゼミ\2.5Dゲーム\改良版\PlayerBase.cpp(11,35): warning C4305: '引数': 'double' から 'float' へ切り詰めます。
D:\由比ゼミ\2.5Dゲーム\改良版\PlayerBase.cpp(21,46): warning C4244: '=': 'float' から 'int' への変換です。データが失われる可能性があります。
D:\由比ゼミ\2.5Dゲーム\改良版\PlayerBase.cpp(33,48): warning C4244: '引数': 'double' から 'float' への変換です。データが失われる可能性があります。
D:\由比ゼミ\2.5Dゲーム\改良版\PlayerBase.cpp(47,48): warning C4244: '引数': 'double' から 'float' への変換です。データが失われる可能性があります。
D:\由比ゼミ\2.5Dゲーム\改良版\PlayerBase.cpp(64,58): warning C4244: '引数': 'float' から 'int' への変換です。データが失われる可能性があります。
D:\由比ゼミ\2.5Dゲーム\改良版\PlayerBase.cpp(64,42): warning C4244: '引数': 'float' から 'int' への変換です。データが失われる可能性があります。
D:\由比ゼミ\2.5Dゲーム\改良版\PlayerBase.cpp(64,29): warning C4244: '引数': 'float' から 'int' への変換です。データが失われる可能性があります。
D:\由比ゼミ\2.5Dゲーム\改良版\PlayerBase.cpp(64,19): warning C4244: '引数': 'float' から 'int' への変換です。データが失われる可能性があります。
D:\由比ゼミ\2.5Dゲーム\改良版\PlayerBase.cpp(79,54): warning C4244: '引数': 'int' から 'float' への変換です。データが失われる可能性があります。
D:\由比ゼミ\2.5Dゲーム\改良版\PlayerBase.cpp(98,5): warning C4060: switch ステートメントに 'case' または 'default' ラベルがありません。
  コードを生成中...
  GameProject.vcxproj -> D:\由比ゼミ\2.5Dゲーム\改良版\x64\Debug\GameProject.exe
